2025-01-04 23:14:18,785 - INFO - Starting Weather ETL Script.
2025-01-04 23:14:18,785 - INFO - Configured States: ['Abia', 'Adamawa', 'Akwa Ibom', 'Anambra', 'Bauchi', 'Bayelsa', 'Benue', 'Borno', 'Cross River', 'Delta', 'Ebonyi', 'Edo', 'Ekiti', 'Enugu', 'Gombe', 'Imo', 'Jigawa', 'Kaduna', 'Kano', 'Katsina', 'Kebbi', 'Kogi', 'Kwara', 'Lagos', 'Nasarawa', 'Niger', 'Ogun', 'Ondo', 'Osun', 'Oyo', 'Plateau', 'Rivers', 'Sokoto', 'Taraba', 'Yobe', 'Zamfara', 'FCT']
2025-01-04 23:14:18,785 - INFO - Initializing database...
2025-01-04 23:14:19,379 - INFO - Database and table initialized successfully.
2025-01-04 23:14:19,379 - INFO - Starting data fetch and load process...
2025-01-04 23:14:19,744 - INFO - Fetching data for Abia...
2025-01-04 23:14:21,671 - INFO - Data for Abia done. Inserted: 1464, Duplicates skipped: 0
2025-01-04 23:14:21,671 - INFO - Fetching data for Adamawa...
2025-01-04 23:14:28,267 - INFO - Data for Adamawa done. Inserted: 5463, Duplicates skipped: 0
2025-01-04 23:14:28,267 - INFO - Fetching data for Akwa Ibom...
2025-01-04 23:14:30,471 - INFO - Data for Akwa Ibom done. Inserted: 1464, Duplicates skipped: 0
2025-01-04 23:14:30,471 - INFO - Fetching data for Anambra...
2025-01-04 23:14:30,556 - INFO - Data for Anambra done. Inserted: 0, Duplicates skipped: 0
2025-01-04 23:14:30,556 - INFO - Fetching data for Bauchi...
2025-01-04 23:14:30,618 - INFO - Data for Bauchi done. Inserted: 0, Duplicates skipped: 0
2025-01-04 23:14:30,618 - INFO - Fetching data for Bayelsa...
2025-01-04 23:14:30,681 - INFO - Data for Bayelsa done. Inserted: 0, Duplicates skipped: 0
2025-01-04 23:14:30,682 - INFO - Fetching data for Benue...
2025-01-04 23:14:30,741 - INFO - Data for Benue done. Inserted: 0, Duplicates skipped: 0
2025-01-04 23:14:30,741 - INFO - Fetching data for Borno...
2025-01-04 23:14:37,137 - INFO - Data for Borno done. Inserted: 5483, Duplicates skipped: 0
2025-01-04 23:14:37,137 - INFO - Fetching data for Cross River...
2025-01-04 23:14:37,185 - INFO - Data for Cross River done. Inserted: 0, Duplicates skipped: 0
2025-01-04 23:14:37,185 - INFO - Fetching data for Delta...
2025-01-04 23:14:37,248 - INFO - Data for Delta done. Inserted: 0, Duplicates skipped: 0
2025-01-04 23:14:37,248 - INFO - Fetching data for Ebonyi...
2025-01-04 23:14:37,300 - INFO - Data for Ebonyi done. Inserted: 0, Duplicates skipped: 0
2025-01-04 23:14:37,300 - INFO - Fetching data for Edo...
2025-01-04 23:14:37,346 - INFO - Data for Edo done. Inserted: 0, Duplicates skipped: 0
2025-01-04 23:14:37,346 - INFO - Fetching data for Ekiti...
2025-01-04 23:14:37,393 - INFO - Data for Ekiti done. Inserted: 0, Duplicates skipped: 0
2025-01-04 23:14:37,393 - INFO - Fetching data for Enugu...
2025-01-04 23:14:39,209 - INFO - Data for Enugu done. Inserted: 1464, Duplicates skipped: 0
2025-01-04 23:14:39,209 - INFO - Fetching data for Gombe...
2025-01-04 23:14:39,265 - INFO - Data for Gombe done. Inserted: 0, Duplicates skipped: 0
2025-01-04 23:14:39,265 - INFO - Fetching data for Imo...
2025-01-04 23:14:40,967 - INFO - Data for Imo done. Inserted: 1464, Duplicates skipped: 0
2025-01-04 23:14:40,967 - INFO - Fetching data for Jigawa...
2025-01-04 23:14:41,017 - INFO - Data for Jigawa done. Inserted: 0, Duplicates skipped: 0
2025-01-04 23:14:41,017 - INFO - Fetching data for Kaduna...
2025-01-04 23:14:46,475 - INFO - Data for Kaduna done. Inserted: 5154, Duplicates skipped: 0
2025-01-04 23:14:46,475 - INFO - Fetching data for Kano...
2025-01-04 23:14:52,701 - INFO - Data for Kano done. Inserted: 5483, Duplicates skipped: 0
2025-01-04 23:14:52,701 - INFO - Fetching data for Katsina...
2025-01-04 23:14:52,748 - INFO - Data for Katsina done. Inserted: 0, Duplicates skipped: 0
2025-01-04 23:14:52,748 - INFO - Fetching data for Kebbi...
2025-01-04 23:14:52,793 - INFO - Data for Kebbi done. Inserted: 0, Duplicates skipped: 0
2025-01-04 23:14:52,793 - INFO - Fetching data for Kogi...
2025-01-04 23:14:52,842 - INFO - Data for Kogi done. Inserted: 0, Duplicates skipped: 0
2025-01-04 23:14:52,842 - INFO - Fetching data for Kwara...
2025-01-04 23:14:58,934 - INFO - Data for Kwara done. Inserted: 5482, Duplicates skipped: 0
2025-01-04 23:14:58,934 - INFO - Fetching data for Lagos...
2025-01-04 23:15:04,901 - INFO - Data for Lagos done. Inserted: 5483, Duplicates skipped: 0
2025-01-04 23:15:04,901 - INFO - Fetching data for Nasarawa...
2025-01-04 23:15:04,956 - INFO - Data for Nasarawa done. Inserted: 0, Duplicates skipped: 0
2025-01-04 23:15:04,956 - INFO - Fetching data for Niger...
2025-01-04 23:15:10,971 - INFO - Data for Niger done. Inserted: 5483, Duplicates skipped: 0
2025-01-04 23:15:10,971 - INFO - Fetching data for Ogun...
2025-01-04 23:15:11,011 - INFO - Data for Ogun done. Inserted: 0, Duplicates skipped: 0
2025-01-04 23:15:11,011 - INFO - Fetching data for Ondo...
2025-01-04 23:15:12,564 - INFO - Data for Ondo done. Inserted: 1464, Duplicates skipped: 0
2025-01-04 23:15:12,564 - INFO - Fetching data for Osun...
2025-01-04 23:15:14,435 - INFO - Data for Osun done. Inserted: 1464, Duplicates skipped: 0
2025-01-04 23:15:14,435 - INFO - Fetching data for Oyo...
2025-01-04 23:15:16,262 - INFO - Data for Oyo done. Inserted: 1464, Duplicates skipped: 0
2025-01-04 23:15:16,262 - INFO - Fetching data for Plateau...
2025-01-04 23:15:22,413 - INFO - Data for Plateau done. Inserted: 5433, Duplicates skipped: 0
2025-01-04 23:15:22,413 - INFO - Fetching data for Rivers...
2025-01-04 23:15:28,466 - INFO - Data for Rivers done. Inserted: 5483, Duplicates skipped: 0
2025-01-04 23:15:28,466 - INFO - Fetching data for Sokoto...
2025-01-04 23:15:30,167 - INFO - Data for Sokoto done. Inserted: 1464, Duplicates skipped: 0
2025-01-04 23:15:30,167 - INFO - Fetching data for Taraba...
2025-01-04 23:15:30,217 - INFO - Data for Taraba done. Inserted: 0, Duplicates skipped: 0
2025-01-04 23:15:30,218 - INFO - Fetching data for Yobe...
2025-01-04 23:15:30,274 - INFO - Data for Yobe done. Inserted: 0, Duplicates skipped: 0
2025-01-04 23:15:30,274 - INFO - Fetching data for Zamfara...
2025-01-04 23:15:32,555 - INFO - Data for Zamfara done. Inserted: 1464, Duplicates skipped: 0
2025-01-04 23:15:32,555 - INFO - Fetching data for FCT...
2025-01-04 23:15:32,610 - INFO - Data for FCT done. Inserted: 0, Duplicates skipped: 0
2025-01-04 23:15:32,610 - INFO - Data loading completed successfully!
